The data gotten from internet is ERROR.             Thu Oct 30 19:30:51 CST 2014
The data gotten from internet is ERROR.             Mon Nov  3 00:00:02 CST 2014
Ok.       Mon Nov  3 00:09:25 CST 2014
Ok.       Mon Nov  3 00:10:01 CST 2014
Ok.       Mon Nov  3 00:20:01 CST 2014
Ok.       Mon Nov  3 00:30:02 CST 2014
Ok.       Mon Nov  3 00:40:01 CST 2014
Ok.       Mon Nov  3 00:50:05 CST 2014
Ok.       Mon Nov  3 01:00:01 CST 2014
Ok.       Mon Nov  3 01:10:02 CST 2014
Ok.       Mon Nov  3 01:20:01 CST 2014
Ok.       Mon Nov  3 01:30:02 CST 2014
Ok.       Mon Nov  3 01:40:01 CST 2014
Ok.       Mon Nov  3 01:50:01 CST 2014
Ok.       Mon Nov  3 02:00:02 CST 2014
Ok.       Mon Nov  3 02:10:01 CST 2014
Ok.       Mon Nov  3 02:20:02 CST 2014
Ok.       Mon Nov  3 02:30:01 CST 2014
Ok.       Mon Nov  3 02:40:01 CST 2014
Ok.       Mon Nov  3 02:50:02 CST 2014
Ok.       Mon Nov  3 03:00:01 CST 2014
Ok.       Mon Nov  3 03:10:01 CST 2014
Ok.       Mon Nov  3 03:20:02 CST 2014
Ok.       Mon Nov  3 03:30:01 CST 2014
Ok.       Mon Nov  3 03:40:01 CST 2014
Ok.       Mon Nov  3 03:50:02 CST 2014
Ok.       Mon Nov  3 04:00:01 CST 2014
Ok.       Mon Nov  3 04:10:01 CST 2014
Ok.       Mon Nov  3 04:20:02 CST 2014
Ok.       Mon Nov  3 04:30:01 CST 2014
Ok.       Mon Nov  3 04:40:01 CST 2014
Ok.       Mon Nov  3 04:50:02 CST 2014
Ok.       Mon Nov  3 05:00:01 CST 2014
Ok.       Mon Nov  3 05:10:02 CST 2014
Ok.       Mon Nov  3 05:20:01 CST 2014
Ok.       Mon Nov  3 05:30:01 CST 2014
Ok.       Mon Nov  3 05:40:02 CST 2014
Ok.       Mon Nov  3 05:50:01 CST 2014
Ok.       Mon Nov  3 06:00:01 CST 2014
Ok.       Mon Nov  3 06:10:02 CST 2014
Ok.       Mon Nov  3 06:20:01 CST 2014
Ok.       Mon Nov  3 06:30:01 CST 2014
Ok.       Mon Nov  3 06:40:01 CST 2014
Ok.       Mon Nov  3 06:50:01 CST 2014
Ok.       Mon Nov  3 07:00:02 CST 2014
Ok.       Mon Nov  3 07:10:01 CST 2014
Ok.       Mon Nov  3 07:20:02 CST 2014
Ok.       Mon Nov  3 07:30:01 CST 2014
Ok.       Mon Nov  3 07:40:01 CST 2014
Ok.       Mon Nov  3 07:50:02 CST 2014
Ok.       Mon Nov  3 08:00:01 CST 2014
Ok.       Mon Nov  3 08:10:01 CST 2014
Ok.       Mon Nov  3 08:20:02 CST 2014
Ok.       Mon Nov  3 08:30:01 CST 2014
Ok.       Mon Nov  3 08:40:02 CST 2014
Ok.       Mon Nov  3 08:50:01 CST 2014
Ok.       Mon Nov  3 09:00:01 CST 2014
Ok.       Mon Nov  3 09:10:01 CST 2014
Ok.       Mon Nov  3 09:20:02 CST 2014
Ok.       Mon Nov  3 09:30:01 CST 2014
Ok.       Mon Nov  3 09:40:02 CST 2014
Ok.       Mon Nov  3 09:50:01 CST 2014
Ok.       Mon Nov  3 10:00:02 CST 2014
Ok.       Mon Nov  3 10:10:01 CST 2014
Ok.       Mon Nov  3 10:20:01 CST 2014
Ok.       Mon Nov  3 10:30:02 CST 2014
Ok.       Mon Nov  3 10:40:01 CST 2014
Ok.       Mon Nov  3 10:50:01 CST 2014
Ok.       Mon Nov  3 11:00:02 CST 2014
Ok.       Mon Nov  3 11:10:01 CST 2014
Ok.       Mon Nov  3 11:20:01 CST 2014
Ok.       Mon Nov  3 11:30:01 CST 2014
Ok.       Mon Nov  3 11:40:01 CST 2014
Ok.       Mon Nov  3 11:50:02 CST 2014
Ok.       Mon Nov  3 12:00:02 CST 2014
Ok.       Mon Nov  3 12:10:01 CST 2014
Ok.       Mon Nov  3 12:20:02 CST 2014
Ok.       Mon Nov  3 12:30:01 CST 2014
Ok.       Mon Nov  3 12:40:02 CST 2014
Ok.       Mon Nov  3 12:50:01 CST 2014
Ok.       Mon Nov  3 13:00:02 CST 2014
Ok.       Mon Nov  3 13:10:01 CST 2014
The data gotten from internet is ERROR.             Thu Oct 22 19:39:31 CST 2015
Failed to write into Database.            Mon Oct 26 00:50:04 CST 2015
Failed to write into Database.            Mon Oct 26 01:00:01 CST 2015
Failed to write into Database.            Mon Oct 26 01:10:01 CST 2015
Failed to write into Database.            Mon Oct 26 01:20:05 CST 2015
Failed to write into Database.            Mon Oct 26 01:30:04 CST 2015
Failed to write into Database.            Mon Oct 26 01:40:01 CST 2015
Failed to write into Database.            Mon Oct 26 01:50:02 CST 2015
Failed to write into Database.            Mon Oct 26 02:00:02 CST 2015
Failed to write into Database.            Mon Oct 26 02:10:02 CST 2015
Failed to write into Database.            Mon Oct 26 02:20:03 CST 2015
Failed to write into Database.            Mon Oct 26 02:30:02 CST 2015
Failed to write into Database.            Mon Oct 26 02:40:03 CST 2015
Failed to write into Database.            Mon Oct 26 02:50:03 CST 2015
Failed to write into Database.            Mon Oct 26 03:00:02 CST 2015
Failed to write into Database.            Mon Oct 26 03:10:05 CST 2015
Failed to write into Database.            Mon Oct 26 03:20:01 CST 2015
Failed to write into Database.            Mon Oct 26 03:30:02 CST 2015
Failed to write into Database.            Mon Oct 26 03:40:33 CST 2015
Failed to write into Database.            Mon Oct 26 03:50:02 CST 2015
Failed to write into Database.            Mon Oct 26 04:00:02 CST 2015
Failed to write into Database.            Mon Oct 26 04:10:01 CST 2015
Failed to write into Database.            Mon Oct 26 04:20:02 CST 2015
Failed to write into Database.            Mon Oct 26 04:30:01 CST 2015
Failed to write into Database.            Mon Oct 26 04:40:01 CST 2015
Failed to write into Database.            Mon Oct 26 04:50:02 CST 2015
Failed to write into Database.            Mon Oct 26 05:00:01 CST 2015
Failed to write into Database.            Mon Oct 26 05:10:02 CST 2015
Failed to write into Database.            Mon Oct 26 05:20:01 CST 2015
Failed to write into Database.            Mon Oct 26 05:30:02 CST 2015
Failed to write into Database.            Mon Oct 26 05:40:01 CST 2015
Failed to write into Database.            Mon Oct 26 05:50:02 CST 2015
Failed to write into Database.            Mon Oct 26 06:00:02 CST 2015
Failed to write into Database.            Mon Oct 26 06:10:01 CST 2015
Failed to write into Database.            Mon Oct 26 06:20:01 CST 2015
Failed to write into Database.            Mon Oct 26 06:30:02 CST 2015
Failed to write into Database.            Mon Oct 26 06:40:01 CST 2015
Failed to write into Database.            Mon Oct 26 06:50:02 CST 2015
Failed to write into Database.            Mon Oct 26 07:00:02 CST 2015
Failed to write into Database.            Mon Oct 26 07:10:01 CST 2015
Failed to write into Database.            Mon Oct 26 07:20:02 CST 2015
Failed to write into Database.            Mon Oct 26 07:30:01 CST 2015
Failed to write into Database.            Mon Oct 26 07:40:02 CST 2015
Failed to write into Database.            Mon Oct 26 07:50:01 CST 2015
Failed to write into Database.            Mon Oct 26 08:00:02 CST 2015
Failed to write into Database.            Mon Oct 26 08:10:02 CST 2015
Failed to write into Database.            Mon Oct 26 08:20:02 CST 2015
Failed to write into Database.            Mon Oct 26 08:30:01 CST 2015
Failed to write into Database.            Mon Oct 26 08:40:02 CST 2015
Failed to write into Database.            Mon Oct 26 08:50:01 CST 2015
Failed to write into Database.            Mon Oct 26 09:00:02 CST 2015
Failed to write into Database.            Mon Oct 26 09:10:02 CST 2015
Failed to write into Database.            Mon Oct 26 09:20:02 CST 2015
Failed to write into Database.            Mon Oct 26 09:30:01 CST 2015
Failed to write into Database.            Mon Oct 26 09:40:02 CST 2015
Failed to write into Database.            Mon Oct 26 09:50:02 CST 2015
Failed to write into Database.            Mon Oct 26 10:00:02 CST 2015
Failed to write into Database.            Mon Oct 26 10:10:01 CST 2015
Failed to write into Database.            Mon Oct 26 10:20:02 CST 2015
Failed to write into Database.            Mon Oct 26 10:30:02 CST 2015
Failed to write into Database.            Mon Oct 26 10:40:01 CST 2015
Failed to write into Database.            Mon Oct 26 10:50:03 CST 2015
Failed to write into Database.            Mon Oct 26 11:00:01 CST 2015
Failed to write into Database.            Mon Oct 26 11:10:01 CST 2015
Failed to write into Database.            Mon Oct 26 11:20:02 CST 2015
Failed to write into Database.            Mon Oct 26 11:30:01 CST 2015
Failed to write into Database.            Mon Oct 26 11:40:01 CST 2015
Failed to write into Database.            Mon Oct 26 11:50:02 CST 2015
Failed to write into Database.            Mon Oct 26 12:00:02 CST 2015
Failed to write into Database.            Mon Oct 26 12:10:01 CST 2015
Failed to write into Database.            Mon Oct 26 12:20:02 CST 2015
Failed to write into Database.            Mon Oct 26 12:30:01 CST 2015
Failed to write into Database.            Mon Oct 26 12:40:02 CST 2015
Failed to write into Database.            Mon Oct 26 12:50:01 CST 2015
Failed to write into Database.            Mon Oct 26 13:00:02 CST 2015
Failed to write into Database.            Mon Oct 26 13:10:02 CST 2015
Failed to write into Database.            Mon Oct 26 13:20:02 CST 2015
Failed to write into Database.            Mon Oct 26 13:30:02 CST 2015
Failed to write into Database.            Mon Oct 26 13:40:01 CST 2015
Failed to write into Database.            Mon Oct 26 13:50:02 CST 2015
Failed to write into Database.            Mon Oct 26 14:00:01 CST 2015
Failed to write into Database.            Mon Oct 26 14:10:01 CST 2015
Failed to write into Database.            Mon Oct 26 14:20:01 CST 2015
Failed to write into Database.            Mon Oct 26 14:30:02 CST 2015
Failed to write into Database.            Mon Oct 26 14:40:02 CST 2015
Failed to write into Database.            Mon Oct 26 14:50:02 CST 2015
Failed to write into Database.            Mon Oct 26 15:00:01 CST 2015
Failed to write into Database.            Mon Oct 26 15:10:02 CST 2015
Failed to write into Database.            Mon Oct 26 15:20:01 CST 2015
Failed to write into Database.            Mon Oct 26 15:30:02 CST 2015
Failed to write into Database.            Mon Oct 26 15:40:02 CST 2015
Failed to write into Database.            Mon Oct 26 15:50:01 CST 2015
Failed to write into Database.            Mon Oct 26 16:00:02 CST 2015
Failed to write into Database.            Mon Oct 26 16:10:02 CST 2015
Failed to write into Database.            Mon Oct 26 16:20:02 CST 2015
Failed to write into Database.            Mon Oct 26 16:30:01 CST 2015
Failed to write into Database.            Mon Oct 26 16:40:01 CST 2015
Failed to write into Database.            Mon Oct 26 16:50:02 CST 2015
The data gotten from internet is ERROR.             Mon Oct 26 17:00:24 CST 2015
Failed to write into Database.            Mon Oct 26 17:10:02 CST 2015
Failed to write into Database.            Mon Oct 26 17:20:02 CST 2015
Failed to write into Database.            Mon Oct 26 17:30:02 CST 2015
Failed to write into Database.            Mon Oct 26 17:40:02 CST 2015
Failed to write into Database.            Mon Oct 26 17:50:01 CST 2015
Failed to write into Database.            Mon Oct 26 18:00:02 CST 2015
Failed to write into Database.            Mon Oct 26 18:10:02 CST 2015
Failed to write into Database.            Mon Oct 26 18:20:02 CST 2015
Failed to write into Database.            Mon Oct 26 18:30:02 CST 2015
Failed to write into Database.            Mon Oct 26 18:40:02 CST 2015
Failed to write into Database.            Mon Oct 26 18:50:01 CST 2015
Failed to write into Database.            Mon Oct 26 19:00:03 CST 2015
Failed to write into Database.            Mon Oct 26 19:10:03 CST 2015
Failed to write into Database.            Mon Oct 26 19:20:02 CST 2015
Failed to write into Database.            Mon Oct 26 19:30:01 CST 2015
Failed to write into Database.            Mon Oct 26 19:40:02 CST 2015
Failed to write into Database.            Mon Oct 26 19:50:02 CST 2015
Failed to write into Database.            Mon Oct 26 20:00:01 CST 2015
Failed to write into Database.            Mon Oct 26 20:10:01 CST 2015
Failed to write into Database.            Mon Oct 26 20:20:02 CST 2015
Failed to write into Database.            Mon Oct 26 20:30:01 CST 2015
Failed to write into Database.            Mon Oct 26 20:40:02 CST 2015
Failed to write into Database.            Mon Oct 26 20:50:02 CST 2015
Failed to write into Database.            Mon Oct 26 21:00:02 CST 2015
Failed to write into Database.            Mon Oct 26 21:10:01 CST 2015
Failed to write into Database.            Mon Oct 26 21:20:02 CST 2015
Failed to write into Database.            Mon Oct 26 21:30:02 CST 2015
Failed to write into Database.            Mon Oct 26 21:40:02 CST 2015
Failed to write into Database.            Mon Oct 26 21:50:03 CST 2015
Failed to write into Database.            Mon Oct 26 22:00:02 CST 2015
Failed to write into Database.            Mon Oct 26 22:10:01 CST 2015
Failed to write into Database.            Mon Oct 26 22:20:02 CST 2015
Failed to write into Database.            Mon Oct 26 22:30:01 CST 2015
Failed to write into Database.            Mon Oct 26 22:40:01 CST 2015
Failed to write into Database.            Mon Oct 26 22:50:02 CST 2015
Failed to write into Database.            Mon Oct 26 23:00:02 CST 2015
Failed to write into Database.            Mon Oct 26 23:10:02 CST 2015
Failed to write into Database.            Mon Oct 26 23:20:02 CST 2015
Failed to write into Database.            Mon Oct 26 23:30:01 CST 2015
Failed to write into Database.            Mon Oct 26 23:40:02 CST 2015
Failed to write into Database.            Mon Oct 26 23:50:02 CST 2015
Failed to write into Database.            Tue Oct 27 00:00:01 CST 2015
Failed to write into Database.            Tue Oct 27 00:10:02 CST 2015
Failed to write into Database.            Tue Oct 27 00:20:02 CST 2015
Failed to write into Database.            Tue Oct 27 00:30:02 CST 2015
Failed to write into Database.            Tue Oct 27 00:40:02 CST 2015
Failed to write into Database.            Tue Oct 27 00:50:01 CST 2015
Failed to write into Database.            Tue Oct 27 01:00:02 CST 2015
Failed to write into Database.            Tue Oct 27 01:10:01 CST 2015
The data gotten from internet is ERROR.             Tue Oct 27 01:20:34 CST 2015
Failed to write into Database.            Tue Oct 27 01:30:02 CST 2015
Failed to write into Database.            Tue Oct 27 01:40:02 CST 2015
Failed to write into Database.            Tue Oct 27 01:50:02 CST 2015
Failed to write into Database.            Tue Oct 27 02:00:01 CST 2015
Failed to write into Database.            Tue Oct 27 02:10:03 CST 2015
Failed to write into Database.            Tue Oct 27 02:20:14 CST 2015
Failed to write into Database.            Tue Oct 27 02:30:02 CST 2015
Failed to write into Database.            Tue Oct 27 02:40:03 CST 2015
Failed to write into Database.            Tue Oct 27 02:50:07 CST 2015
Failed to write into Database.            Tue Oct 27 03:00:11 CST 2015
Failed to write into Database.            Tue Oct 27 03:10:02 CST 2015
Failed to write into Database.            Tue Oct 27 03:20:02 CST 2015
Failed to write into Database.            Tue Oct 27 03:30:02 CST 2015
Failed to write into Database.            Tue Oct 27 03:40:01 CST 2015
Failed to write into Database.            Tue Oct 27 03:50:02 CST 2015
Failed to write into Database.            Tue Oct 27 04:00:02 CST 2015
Failed to write into Database.            Tue Oct 27 04:10:01 CST 2015
Failed to write into Database.            Tue Oct 27 04:20:02 CST 2015
Failed to write into Database.            Tue Oct 27 04:30:01 CST 2015
Failed to write into Database.            Tue Oct 27 04:40:01 CST 2015
Failed to write into Database.            Tue Oct 27 04:50:02 CST 2015
Failed to write into Database.            Tue Oct 27 05:00:01 CST 2015
Failed to write into Database.            Tue Oct 27 05:10:01 CST 2015
Failed to write into Database.            Tue Oct 27 05:20:02 CST 2015
Failed to write into Database.            Tue Oct 27 05:30:01 CST 2015
Failed to write into Database.            Tue Oct 27 05:40:02 CST 2015
Failed to write into Database.            Tue Oct 27 05:50:01 CST 2015
Failed to write into Database.            Tue Oct 27 06:00:02 CST 2015
Failed to write into Database.            Tue Oct 27 06:10:01 CST 2015
Failed to write into Database.            Tue Oct 27 06:20:02 CST 2015
Failed to write into Database.            Tue Oct 27 06:30:02 CST 2015
Failed to write into Database.            Tue Oct 27 06:40:02 CST 2015
Failed to write into Database.            Tue Oct 27 06:50:01 CST 2015
Failed to write into Database.            Tue Oct 27 07:00:02 CST 2015
Failed to write into Database.            Tue Oct 27 07:10:02 CST 2015
Failed to write into Database.            Tue Oct 27 07:20:02 CST 2015
Failed to write into Database.            Tue Oct 27 07:30:01 CST 2015
Failed to write into Database.            Tue Oct 27 07:40:02 CST 2015
Failed to write into Database.            Tue Oct 27 07:50:02 CST 2015
Failed to write into Database.            Tue Oct 27 08:00:01 CST 2015
Failed to write into Database.            Tue Oct 27 08:10:01 CST 2015
Failed to write into Database.            Tue Oct 27 08:20:02 CST 2015
Failed to write into Database.            Tue Oct 27 08:30:02 CST 2015
Failed to write into Database.            Tue Oct 27 08:40:01 CST 2015
Failed to write into Database.            Tue Oct 27 08:50:02 CST 2015
Failed to write into Database.            Tue Oct 27 09:00:01 CST 2015
Failed to write into Database.            Tue Oct 27 09:10:01 CST 2015
Failed to write into Database.            Tue Oct 27 09:20:02 CST 2015
Failed to write into Database.            Tue Oct 27 09:30:02 CST 2015
Failed to write into Database.            Tue Oct 27 09:40:01 CST 2015
Failed to write into Database.            Tue Oct 27 09:50:02 CST 2015
Failed to write into Database.            Tue Oct 27 10:00:01 CST 2015
Failed to write into Database.            Tue Oct 27 10:10:02 CST 2015
Failed to write into Database.            Tue Oct 27 10:20:01 CST 2015
Failed to write into Database.            Tue Oct 27 10:30:02 CST 2015
Failed to write into Database.            Tue Oct 27 10:40:02 CST 2015
Failed to write into Database.            Tue Oct 27 10:50:01 CST 2015
Failed to write into Database.            Tue Oct 27 11:00:02 CST 2015
Failed to write into Database.            Tue Oct 27 11:10:02 CST 2015
Failed to write into Database.            Tue Oct 27 11:20:01 CST 2015
Failed to write into Database.            Tue Oct 27 11:30:02 CST 2015
Failed to write into Database.            Tue Oct 27 11:40:02 CST 2015
Failed to write into Database.            Tue Oct 27 11:50:01 CST 2015
Failed to write into Database.            Tue Oct 27 12:00:03 CST 2015
Failed to write into Database.            Tue Oct 27 12:10:01 CST 2015
Failed to write into Database.            Tue Oct 27 12:20:02 CST 2015
Failed to write into Database.            Tue Oct 27 12:30:01 CST 2015
Failed to write into Database.            Tue Oct 27 12:40:02 CST 2015
Failed to write into Database.            Tue Oct 27 12:50:02 CST 2015
Failed to write into Database.            Tue Oct 27 13:00:02 CST 2015
Failed to write into Database.            Tue Oct 27 13:10:01 CST 2015
Failed to write into Database.            Tue Oct 27 13:20:02 CST 2015
Failed to write into Database.            Tue Oct 27 13:30:01 CST 2015
Failed to write into Database.            Tue Oct 27 13:40:02 CST 2015
Failed to write into Database.            Tue Oct 27 13:50:01 CST 2015
Failed to write into Database.            Tue Oct 27 14:00:02 CST 2015
Failed to write into Database.            Tue Oct 27 14:10:01 CST 2015
Failed to write into Database.            Tue Oct 27 14:20:02 CST 2015
Failed to write into Database.            Tue Oct 27 14:30:02 CST 2015
Failed to write into Database.            Tue Oct 27 14:40:01 CST 2015
Failed to write into Database.            Tue Oct 27 14:50:02 CST 2015
Failed to write into Database.            Tue Oct 27 15:00:02 CST 2015
Failed to write into Database.            Tue Oct 27 15:10:02 CST 2015
Failed to write into Database.            Tue Oct 27 15:20:01 CST 2015
Failed to write into Database.            Tue Oct 27 15:30:02 CST 2015
Failed to write into Database.            Tue Oct 27 15:40:01 CST 2015
Failed to write into Database.            Tue Oct 27 15:50:02 CST 2015
Failed to write into Database.            Tue Oct 27 16:00:01 CST 2015
Failed to write into Database.            Tue Oct 27 16:10:01 CST 2015
Failed to write into Database.            Tue Oct 27 16:20:02 CST 2015
Failed to write into Database.            Tue Oct 27 16:30:01 CST 2015
Failed to write into Database.            Tue Oct 27 16:40:02 CST 2015
Failed to write into Database.            Tue Oct 27 16:50:01 CST 2015
Failed to write into Database.            Tue Oct 27 17:00:01 CST 2015
Failed to write into Database.            Tue Oct 27 17:10:01 CST 2015
Failed to write into Database.            Tue Oct 27 17:20:02 CST 2015
Failed to write into Database.            Tue Oct 27 17:30:02 CST 2015
Failed to write into Database.            Tue Oct 27 17:40:02 CST 2015
Failed to write into Database.            Tue Oct 27 17:50:01 CST 2015
Failed to write into Database.            Tue Oct 27 18:00:02 CST 2015
Failed to write into Database.            Tue Oct 27 18:10:01 CST 2015
Failed to write into Database.            Tue Oct 27 18:20:02 CST 2015
Failed to write into Database.            Tue Oct 27 18:30:02 CST 2015
The data gotten from internet is ERROR.             Tue Oct 27 18:40:02 CST 2015
The data gotten from internet is ERROR.             Tue Oct 27 18:50:02 CST 2015
The data gotten from internet is ERROR.             Tue Oct 27 19:00:01 CST 2015
The data gotten from internet is ERROR.             Tue Oct 27 19:10:02 CST 2015
The data gotten from internet is ERROR.             Tue Oct 27 19:20:02 CST 2015
The data gotten from internet is ERROR.             Tue Oct 27 19:30:01 CST 2015
The data gotten from internet is ERROR.             Tue Oct 27 19:40:01 CST 2015
The data gotten from internet is ERROR.             Tue Oct 27 19:50:02 CST 2015
The data gotten from internet is ERROR.             Tue Oct 27 20:00:02 CST 2015
The data gotten from internet is ERROR.             Tue Oct 27 20:10:02 CST 2015
The data gotten from internet is ERROR.             Tue Oct 27 20:20:01 CST 2015
The data gotten from internet is ERROR.             Tue Oct 27 20:30:02 CST 2015
The data gotten from internet is ERROR.             Tue Oct 27 20:40:02 CST 2015
The data gotten from internet is ERROR.             Tue Oct 27 20:50:01 CST 2015
The data gotten from internet is ERROR.             Tue Oct 27 21:00:05 CST 2015
The data gotten from internet is ERROR.             Tue Oct 27 21:10:02 CST 2015
The data gotten from internet is ERROR.             Tue Oct 27 21:20:01 CST 2015
The data gotten from internet is ERROR.             Tue Oct 27 21:30:02 CST 2015
The data gotten from internet is ERROR.             Tue Oct 27 21:40:01 CST 2015
The data gotten from internet is ERROR.             Tue Oct 27 21:50:02 CST 2015
The data gotten from internet is ERROR.             Tue Oct 27 22:00:02 CST 2015
The data gotten from internet is ERROR.             Tue Oct 27 22:10:01 CST 2015
The data gotten from internet is ERROR.             Tue Oct 27 22:20:02 CST 2015
The data gotten from internet is ERROR.             Tue Oct 27 22:30:02 CST 2015
The data gotten from internet is ERROR.             Tue Oct 27 22:40:02 CST 2015
The data gotten from internet is ERROR.             Tue Oct 27 22:50:02 CST 2015
The data gotten from internet is ERROR.             Tue Oct 27 23:00:01 CST 2015
The data gotten from internet is ERROR.             Tue Oct 27 23:10:01 CST 2015
The data gotten from internet is ERROR.             Tue Oct 27 23:20:02 CST 2015
The data gotten from internet is ERROR.             Tue Oct 27 23:30:04 CST 2015
The data gotten from internet is ERROR.             Tue Oct 27 23:40:01 CST 2015
The data gotten from internet is ERROR.             Tue Oct 27 23:50:02 CST 2015
The data gotten from internet is ERROR.             Wed Oct 28 00:00:01 CST 2015
The data gotten from internet is ERROR.             Wed Oct 28 00:10:02 CST 2015
The data gotten from internet is ERROR.             Wed Oct 28 00:20:02 CST 2015
The data gotten from internet is ERROR.             Wed Oct 28 00:30:02 CST 2015
The data gotten from internet is ERROR.             Wed Oct 28 00:40:02 CST 2015
The data gotten from internet is ERROR.             Wed Oct 28 00:50:01 CST 2015
The data gotten from internet is ERROR.             Wed Oct 28 01:00:02 CST 2015
The data gotten from internet is ERROR.             Wed Oct 28 01:10:02 CST 2015
The data gotten from internet is ERROR.             Wed Oct 28 01:20:01 CST 2015
The data gotten from internet is ERROR.             Wed Oct 28 01:30:02 CST 2015
The data gotten from internet is ERROR.             Wed Oct 28 01:40:01 CST 2015
The data gotten from internet is ERROR.             Wed Oct 28 01:50:02 CST 2015
The data gotten from internet is ERROR.             Wed Oct 28 02:00:01 CST 2015
The data gotten from internet is ERROR.             Wed Oct 28 02:10:02 CST 2015
The data gotten from internet is ERROR.             Wed Oct 28 02:20:02 CST 2015
The data gotten from internet is ERROR.             Wed Oct 28 02:30:01 CST 2015
The data gotten from internet is ERROR.             Wed Oct 28 02:40:02 CST 2015
The data gotten from internet is ERROR.             Wed Oct 28 02:50:02 CST 2015
The data gotten from internet is ERROR.             Wed Oct 28 03:00:01 CST 2015
The data gotten from internet is ERROR.             Wed Oct 28 03:10:01 CST 2015
The data gotten from internet is ERROR.             Wed Oct 28 03:20:02 CST 2015
The data gotten from internet is ERROR.             Wed Oct 28 03:30:02 CST 2015
The data gotten from internet is ERROR.             Wed Oct 28 03:40:01 CST 2015
The data gotten from internet is ERROR.             Wed Oct 28 03:50:02 CST 2015
The data gotten from internet is ERROR.             Wed Oct 28 04:00:01 CST 2015
The data gotten from internet is ERROR.             Wed Oct 28 04:10:02 CST 2015
The data gotten from internet is ERROR.             Wed Oct 28 04:20:01 CST 2015
The data gotten from internet is ERROR.             Wed Oct 28 04:30:02 CST 2015
The data gotten from internet is ERROR.             Wed Oct 28 04:40:01 CST 2015
The data gotten from internet is ERROR.             Wed Oct 28 04:50:02 CST 2015
The data gotten from internet is ERROR.             Wed Oct 28 05:00:02 CST 2015
The data gotten from internet is ERROR.             Wed Oct 28 05:10:01 CST 2015
The data gotten from internet is ERROR.             Wed Oct 28 05:20:01 CST 2015
The data gotten from internet is ERROR.             Wed Oct 28 05:30:01 CST 2015
The data gotten from internet is ERROR.             Wed Oct 28 05:40:02 CST 2015
The data gotten from internet is ERROR.             Wed Oct 28 05:50:01 CST 2015
The data gotten from internet is ERROR.             Wed Oct 28 06:00:02 CST 2015
The data gotten from internet is ERROR.             Wed Oct 28 06:10:01 CST 2015
The data gotten from internet is ERROR.             Wed Oct 28 06:20:02 CST 2015
The data gotten from internet is ERROR.             Wed Oct 28 06:30:01 CST 2015
The data gotten from internet is ERROR.             Wed Oct 28 06:40:02 CST 2015
The data gotten from internet is ERROR.             Wed Oct 28 06:50:01 CST 2015
The data gotten from internet is ERROR.             Wed Oct 28 07:00:02 CST 2015
The data gotten from internet is ERROR.             Wed Oct 28 07:10:01 CST 2015
The data gotten from internet is ERROR.             Wed Oct 28 07:20:02 CST 2015
The data gotten from internet is ERROR.             Wed Oct 28 07:30:01 CST 2015
The data gotten from internet is ERROR.             Wed Oct 28 07:40:01 CST 2015
The data gotten from internet is ERROR.             Wed Oct 28 07:50:01 CST 2015
The data gotten from internet is ERROR.             Wed Oct 28 08:00:02 CST 2015
The data gotten from internet is ERROR.             Wed Oct 28 08:10:02 CST 2015
The data gotten from internet is ERROR.             Wed Oct 28 08:20:01 CST 2015
The data gotten from internet is ERROR.             Wed Oct 28 08:30:02 CST 2015
The data gotten from internet is ERROR.             Wed Oct 28 08:40:01 CST 2015
The data gotten from internet is ERROR.             Wed Oct 28 08:50:02 CST 2015
The data gotten from internet is ERROR.             Wed Oct 28 09:00:01 CST 2015
The data gotten from internet is ERROR.             Wed Oct 28 09:10:01 CST 2015
The data gotten from internet is ERROR.             Wed Oct 28 09:20:02 CST 2015
The data gotten from internet is ERROR.             Wed Oct 28 09:30:01 CST 2015
The data gotten from internet is ERROR.             Wed Oct 28 09:40:01 CST 2015
The data gotten from internet is ERROR.             Wed Oct 28 09:50:02 CST 2015
The data gotten from internet is ERROR.             Wed Oct 28 10:00:01 CST 2015
The data gotten from internet is ERROR.             Wed Oct 28 10:10:02 CST 2015
The data gotten from internet is ERROR.             Wed Oct 28 10:20:01 CST 2015
The data gotten from internet is ERROR.             Wed Oct 28 10:30:02 CST 2015
The data gotten from internet is ERROR.             Wed Oct 28 10:40:01 CST 2015
The data gotten from internet is ERROR.             Wed Oct 28 10:50:02 CST 2015
The data gotten from internet is ERROR.             Wed Oct 28 11:00:02 CST 2015
The data gotten from internet is ERROR.             Wed Oct 28 11:10:01 CST 2015
The data gotten from internet is ERROR.             Wed Oct 28 11:20:01 CST 2015
The data gotten from internet is ERROR.             Wed Oct 28 11:30:02 CST 2015
The data gotten from internet is ERROR.             Wed Oct 28 11:40:01 CST 2015
The data gotten from internet is ERROR.             Wed Oct 28 11:50:02 CST 2015
The data gotten from internet is ERROR.             Wed Oct 28 12:00:01 CST 2015
The data gotten from internet is ERROR.             Wed Oct 28 12:10:02 CST 2015
The data gotten from internet is ERROR.             Wed Oct 28 12:20:01 CST 2015
The data gotten from internet is ERROR.             Wed Oct 28 12:30:02 CST 2015
The data gotten from internet is ERROR.             Wed Oct 28 12:40:01 CST 2015
The data gotten from internet is ERROR.             Wed Oct 28 12:50:02 CST 2015
The data gotten from internet is ERROR.             Wed Oct 28 13:00:01 CST 2015
The data gotten from internet is ERROR.             Wed Oct 28 13:10:01 CST 2015
The data gotten from internet is ERROR.             Wed Oct 28 13:20:02 CST 2015
The data gotten from internet is ERROR.             Wed Oct 28 13:30:02 CST 2015
The data gotten from internet is ERROR.             Wed Oct 28 13:40:01 CST 2015
The data gotten from internet is ERROR.             Wed Oct 28 13:50:02 CST 2015
The data gotten from internet is ERROR.             Wed Oct 28 14:00:01 CST 2015
The data gotten from internet is ERROR.             Wed Oct 28 14:10:03 CST 2015
The data gotten from internet is ERROR.             Wed Oct 28 14:20:01 CST 2015
The data gotten from internet is ERROR.             Wed Oct 28 14:30:02 CST 2015
The data gotten from internet is ERROR.             Wed Oct 28 14:40:01 CST 2015
The data gotten from internet is ERROR.             Wed Oct 28 14:50:02 CST 2015
The data gotten from internet is ERROR.             Wed Oct 28 15:00:01 CST 2015
The data gotten from internet is ERROR.             Wed Oct 28 15:10:01 CST 2015
The data gotten from internet is ERROR.             Wed Oct 28 15:20:02 CST 2015
The data gotten from internet is ERROR.             Wed Oct 28 15:30:01 CST 2015
The data gotten from internet is ERROR.             Wed Oct 28 15:40:02 CST 2015
The data gotten from internet is ERROR.             Wed Oct 28 15:50:01 CST 2015
The data gotten from internet is ERROR.             Wed Oct 28 16:00:01 CST 2015
The data gotten from internet is ERROR.             Wed Oct 28 16:10:01 CST 2015
The data gotten from internet is ERROR.             Wed Oct 28 16:20:01 CST 2015
The data gotten from internet is ERROR.             Wed Oct 28 16:30:02 CST 2015
The data gotten from internet is ERROR.             Wed Oct 28 16:40:01 CST 2015
The data gotten from internet is ERROR.             Wed Oct 28 16:50:01 CST 2015
The data gotten from internet is ERROR.             Wed Oct 28 17:00:02 CST 2015
The data gotten from internet is ERROR.             Wed Oct 28 17:10:02 CST 2015
The data gotten from internet is ERROR.             Wed Oct 28 17:20:01 CST 2015
The data gotten from internet is ERROR.             Wed Oct 28 17:30:02 CST 2015
The data gotten from internet is ERROR.             Wed Oct 28 17:40:02 CST 2015
The data gotten from internet is ERROR.             Wed Oct 28 17:50:02 CST 2015
The data gotten from internet is ERROR.             Wed Oct 28 18:00:01 CST 2015
The data gotten from internet is ERROR.             Wed Oct 28 18:10:02 CST 2015
The data gotten from internet is ERROR.             Wed Oct 28 18:20:01 CST 2015
The data gotten from internet is ERROR.             Wed Oct 28 18:30:02 CST 2015
The data gotten from internet is ERROR.             Wed Oct 28 18:40:01 CST 2015
The data gotten from internet is ERROR.             Wed Oct 28 18:50:01 CST 2015
The data gotten from internet is ERROR.             Wed Oct 28 19:00:02 CST 2015
The data gotten from internet is ERROR.             Wed Oct 28 19:10:01 CST 2015
The data gotten from internet is ERROR.             Wed Oct 28 19:20:02 CST 2015
The data gotten from internet is ERROR.             Wed Oct 28 19:30:01 CST 2015
The data gotten from internet is ERROR.             Wed Oct 28 19:40:01 CST 2015
The data gotten from internet is ERROR.             Wed Oct 28 19:50:02 CST 2015
The data gotten from internet is ERROR.             Wed Oct 28 20:00:01 CST 2015
The data gotten from internet is ERROR.             Wed Oct 28 20:10:02 CST 2015
The data gotten from internet is ERROR.             Wed Oct 28 20:20:01 CST 2015
The data gotten from internet is ERROR.             Wed Oct 28 20:30:03 CST 2015
The data gotten from internet is ERROR.             Wed Oct 28 20:40:01 CST 2015
The data gotten from internet is ERROR.             Wed Oct 28 20:50:02 CST 2015
The data gotten from internet is ERROR.             Wed Oct 28 21:00:01 CST 2015
The data gotten from internet is ERROR.             Wed Oct 28 21:10:01 CST 2015
The data gotten from internet is ERROR.             Wed Oct 28 21:20:04 CST 2015
The data gotten from internet is ERROR.             Wed Oct 28 21:30:02 CST 2015
The data gotten from internet is ERROR.             Wed Oct 28 21:40:02 CST 2015
The data gotten from internet is ERROR.             Wed Oct 28 21:50:01 CST 2015
The data gotten from internet is ERROR.             Wed Oct 28 22:00:02 CST 2015
The data gotten from internet is ERROR.             Wed Oct 28 22:10:01 CST 2015
The data gotten from internet is ERROR.             Wed Oct 28 22:20:02 CST 2015
The data gotten from internet is ERROR.             Wed Oct 28 22:30:02 CST 2015
The data gotten from internet is ERROR.             Wed Oct 28 22:40:01 CST 2015
The data gotten from internet is ERROR.             Wed Oct 28 22:50:02 CST 2015
The data gotten from internet is ERROR.             Wed Oct 28 23:00:02 CST 2015
The data gotten from internet is ERROR.             Wed Oct 28 23:10:01 CST 2015
The data gotten from internet is ERROR.             Wed Oct 28 23:20:02 CST 2015
The data gotten from internet is ERROR.             Wed Oct 28 23:30:01 CST 2015
The data gotten from internet is ERROR.             Wed Oct 28 23:40:02 CST 2015
The data gotten from internet is ERROR.             Wed Oct 28 23:50:01 CST 2015
The data gotten from internet is ERROR.             Thu Oct 29 00:00:02 CST 2015
The data gotten from internet is ERROR.             Thu Oct 29 00:10:02 CST 2015
The data gotten from internet is ERROR.             Thu Oct 29 00:20:02 CST 2015
The data gotten from internet is ERROR.             Thu Oct 29 00:30:02 CST 2015
The data gotten from internet is ERROR.             Thu Oct 29 00:40:01 CST 2015
The data gotten from internet is ERROR.             Thu Oct 29 00:50:02 CST 2015
The data gotten from internet is ERROR.             Thu Oct 29 01:00:02 CST 2015
The data gotten from internet is ERROR.             Thu Oct 29 01:10:02 CST 2015
The data gotten from internet is ERROR.             Thu Oct 29 01:20:01 CST 2015
The data gotten from internet is ERROR.             Thu Oct 29 01:30:02 CST 2015
The data gotten from internet is ERROR.             Thu Oct 29 01:40:01 CST 2015
The data gotten from internet is ERROR.             Thu Oct 29 01:50:02 CST 2015
The data gotten from internet is ERROR.             Thu Oct 29 02:00:02 CST 2015
The data gotten from internet is ERROR.             Thu Oct 29 02:10:02 CST 2015
The data gotten from internet is ERROR.             Thu Oct 29 02:20:01 CST 2015
The data gotten from internet is ERROR.             Thu Oct 29 02:30:01 CST 2015
The data gotten from internet is ERROR.             Thu Oct 29 02:40:01 CST 2015
The data gotten from internet is ERROR.             Thu Oct 29 02:50:02 CST 2015
The data gotten from internet is ERROR.             Thu Oct 29 03:00:01 CST 2015
The data gotten from internet is ERROR.             Thu Oct 29 03:10:02 CST 2015
The data gotten from internet is ERROR.             Thu Oct 29 03:20:01 CST 2015
The data gotten from internet is ERROR.             Thu Oct 29 03:30:02 CST 2015
The data gotten from internet is ERROR.             Thu Oct 29 03:40:02 CST 2015
The data gotten from internet is ERROR.             Thu Oct 29 03:50:02 CST 2015
The data gotten from internet is ERROR.             Thu Oct 29 04:00:01 CST 2015
The data gotten from internet is ERROR.             Thu Oct 29 04:10:02 CST 2015
The data gotten from internet is ERROR.             Thu Oct 29 04:20:01 CST 2015
The data gotten from internet is ERROR.             Thu Oct 29 04:30:02 CST 2015
The data gotten from internet is ERROR.             Thu Oct 29 04:40:01 CST 2015
The data gotten from internet is ERROR.             Thu Oct 29 04:50:02 CST 2015
The data gotten from internet is ERROR.             Thu Oct 29 05:00:01 CST 2015
The data gotten from internet is ERROR.             Thu Oct 29 05:10:01 CST 2015
The data gotten from internet is ERROR.             Thu Oct 29 05:20:02 CST 2015
The data gotten from internet is ERROR.             Thu Oct 29 05:30:01 CST 2015
The data gotten from internet is ERROR.             Thu Oct 29 05:40:02 CST 2015
The data gotten from internet is ERROR.             Thu Oct 29 05:50:01 CST 2015
The data gotten from internet is ERROR.             Thu Oct 29 06:00:02 CST 2015
The data gotten from internet is ERROR.             Thu Oct 29 06:10:01 CST 2015
The data gotten from internet is ERROR.             Thu Oct 29 06:20:02 CST 2015
The data gotten from internet is ERROR.             Thu Oct 29 06:30:01 CST 2015
The data gotten from internet is ERROR.             Thu Oct 29 06:40:02 CST 2015
The data gotten from internet is ERROR.             Thu Oct 29 06:50:01 CST 2015
The data gotten from internet is ERROR.             Thu Oct 29 07:00:01 CST 2015
The data gotten from internet is ERROR.             Thu Oct 29 07:10:02 CST 2015
The data gotten from internet is ERROR.             Thu Oct 29 07:20:01 CST 2015
The data gotten from internet is ERROR.             Thu Oct 29 07:30:01 CST 2015
The data gotten from internet is ERROR.             Thu Oct 29 07:40:01 CST 2015
The data gotten from internet is ERROR.             Thu Oct 29 07:50:02 CST 2015
The data gotten from internet is ERROR.             Thu Oct 29 08:00:01 CST 2015
The data gotten from internet is ERROR.             Thu Oct 29 08:10:02 CST 2015
The data gotten from internet is ERROR.             Thu Oct 29 08:20:01 CST 2015
The data gotten from internet is ERROR.             Thu Oct 29 08:30:01 CST 2015
The data gotten from internet is ERROR.             Thu Oct 29 08:40:01 CST 2015
The data gotten from internet is ERROR.             Thu Oct 29 08:50:01 CST 2015
The data gotten from internet is ERROR.             Thu Oct 29 09:00:02 CST 2015
The data gotten from internet is ERROR.             Thu Oct 29 09:10:02 CST 2015
The data gotten from internet is ERROR.             Thu Oct 29 09:20:01 CST 2015
The data gotten from internet is ERROR.             Thu Oct 29 09:30:02 CST 2015
The data gotten from internet is ERROR.             Thu Oct 29 09:40:01 CST 2015
The data gotten from internet is ERROR.             Thu Oct 29 09:50:02 CST 2015
The data gotten from internet is ERROR.             Thu Oct 29 10:00:01 CST 2015
The data gotten from internet is ERROR.             Thu Oct 29 10:10:02 CST 2015
The data gotten from internet is ERROR.             Thu Oct 29 10:20:01 CST 2015
The data gotten from internet is ERROR.             Thu Oct 29 10:30:02 CST 2015
The data gotten from internet is ERROR.             Thu Oct 29 10:40:01 CST 2015
The data gotten from internet is ERROR.             Thu Oct 29 10:50:02 CST 2015
The data gotten from internet is ERROR.             Thu Oct 29 11:00:01 CST 2015
The data gotten from internet is ERROR.             Thu Oct 29 11:10:02 CST 2015
The data gotten from internet is ERROR.             Thu Oct 29 11:20:01 CST 2015
The data gotten from internet is ERROR.             Thu Oct 29 11:30:02 CST 2015
The data gotten from internet is ERROR.             Thu Oct 29 11:40:01 CST 2015
The data gotten from internet is ERROR.             Thu Oct 29 11:50:02 CST 2015
The data gotten from internet is ERROR.             Thu Oct 29 12:00:02 CST 2015
The data gotten from internet is ERROR.             Thu Oct 29 12:10:01 CST 2015
The data gotten from internet is ERROR.             Thu Oct 29 12:20:02 CST 2015
The data gotten from internet is ERROR.             Thu Oct 29 12:30:01 CST 2015
The data gotten from internet is ERROR.             Thu Oct 29 12:40:01 CST 2015
The data gotten from internet is ERROR.             Thu Oct 29 12:50:02 CST 2015
The data gotten from internet is ERROR.             Thu Oct 29 13:00:01 CST 2015
The data gotten from internet is ERROR.             Thu Oct 29 13:10:02 CST 2015
The data gotten from internet is ERROR.             Thu Oct 29 13:20:01 CST 2015
The data gotten from internet is ERROR.             Thu Oct 29 13:30:01 CST 2015
The data gotten from internet is ERROR.             Thu Oct 29 13:40:01 CST 2015
The data gotten from internet is ERROR.             Thu Oct 29 13:50:02 CST 2015
The data gotten from internet is ERROR.             Thu Oct 29 14:00:01 CST 2015
The data gotten from internet is ERROR.             Thu Oct 29 14:10:01 CST 2015
The data gotten from internet is ERROR.             Thu Oct 29 14:20:02 CST 2015
The data gotten from internet is ERROR.             Thu Oct 29 14:30:02 CST 2015
The data gotten from internet is ERROR.             Thu Oct 29 14:40:01 CST 2015
The data gotten from internet is ERROR.             Thu Oct 29 14:50:02 CST 2015
The data gotten from internet is ERROR.             Thu Oct 29 15:00:01 CST 2015
The data gotten from internet is ERROR.             Thu Oct 29 15:10:02 CST 2015
The data gotten from internet is ERROR.             Thu Oct 29 15:20:01 CST 2015
The data gotten from internet is ERROR.             Thu Oct 29 15:30:02 CST 2015
The data gotten from internet is ERROR.             Thu Oct 29 15:40:01 CST 2015
The data gotten from internet is ERROR.             Thu Oct 29 15:50:02 CST 2015
The data gotten from internet is ERROR.             Thu Oct 29 16:00:01 CST 2015
The data gotten from internet is ERROR.             Thu Oct 29 16:10:02 CST 2015
The data gotten from internet is ERROR.             Thu Oct 29 16:20:01 CST 2015
The data gotten from internet is ERROR.             Thu Oct 29 16:30:02 CST 2015
The data gotten from internet is ERROR.             Thu Oct 29 16:40:01 CST 2015
The data gotten from internet is ERROR.             Thu Oct 29 16:50:02 CST 2015
The data gotten from internet is ERROR.             Thu Oct 29 17:00:01 CST 2015
The data gotten from internet is ERROR.             Thu Oct 29 17:10:02 CST 2015
The data gotten from internet is ERROR.             Thu Oct 29 17:20:01 CST 2015
The data gotten from internet is ERROR.             Thu Oct 29 17:30:02 CST 2015
The data gotten from internet is ERROR.             Thu Oct 29 17:40:02 CST 2015
The data gotten from internet is ERROR.             Thu Oct 29 17:50:02 CST 2015
The data gotten from internet is ERROR.             Thu Oct 29 18:00:01 CST 2015
The data gotten from internet is ERROR.             Thu Oct 29 18:10:02 CST 2015
The data gotten from internet is ERROR.             Thu Oct 29 18:20:01 CST 2015
The data gotten from internet is ERROR.             Thu Oct 29 18:30:02 CST 2015
The data gotten from internet is ERROR.             Thu Oct 29 18:40:02 CST 2015
The data gotten from internet is ERROR.             Thu Oct 29 18:50:01 CST 2015
The data gotten from internet is ERROR.             Thu Oct 29 19:00:02 CST 2015
The data gotten from internet is ERROR.             Thu Oct 29 19:10:02 CST 2015
The data gotten from internet is ERROR.             Thu Oct 29 19:20:02 CST 2015
The data gotten from internet is ERROR.             Thu Oct 29 19:30:01 CST 2015
The data gotten from internet is ERROR.             Thu Oct 29 19:40:02 CST 2015
The data gotten from internet is ERROR.             Thu Oct 29 19:50:01 CST 2015
The data gotten from internet is ERROR.             Thu Oct 29 20:00:01 CST 2015
The data gotten from internet is ERROR.             Thu Oct 29 20:10:02 CST 2015
The data gotten from internet is ERROR.             Thu Oct 29 20:20:01 CST 2015
The data gotten from internet is ERROR.             Thu Oct 29 20:30:02 CST 2015
The data gotten from internet is ERROR.             Thu Oct 29 20:40:02 CST 2015
The data gotten from internet is ERROR.             Thu Oct 29 20:50:01 CST 2015
The data gotten from internet is ERROR.             Thu Oct 29 21:00:02 CST 2015
The data gotten from internet is ERROR.             Thu Oct 29 21:10:02 CST 2015
The data gotten from internet is ERROR.             Thu Oct 29 21:20:02 CST 2015
The data gotten from internet is ERROR.             Thu Oct 29 21:30:02 CST 2015
The data gotten from internet is ERROR.             Thu Oct 29 21:40:02 CST 2015
The data gotten from internet is ERROR.             Thu Oct 29 21:50:01 CST 2015
The data gotten from internet is ERROR.             Thu Oct 29 22:00:02 CST 2015
The data gotten from internet is ERROR.             Thu Oct 29 22:10:02 CST 2015
The data gotten from internet is ERROR.             Thu Oct 29 22:20:01 CST 2015
The data gotten from internet is ERROR.             Thu Oct 29 22:30:02 CST 2015
The data gotten from internet is ERROR.             Thu Oct 29 22:40:01 CST 2015
The data gotten from internet is ERROR.             Thu Oct 29 22:50:02 CST 2015
The data gotten from internet is ERROR.             Thu Oct 29 23:00:02 CST 2015
The data gotten from internet is ERROR.             Thu Oct 29 23:10:02 CST 2015
The data gotten from internet is ERROR.             Thu Oct 29 23:20:02 CST 2015
The data gotten from internet is ERROR.             Thu Oct 29 23:30:01 CST 2015
The data gotten from internet is ERROR.             Thu Oct 29 23:40:02 CST 2015
The data gotten from internet is ERROR.             Thu Oct 29 23:50:01 CST 2015
Failed to write into Database.            Fri Oct 30 00:00:02 CST 2015
Failed to write into Database.            Fri Oct 30 00:10:02 CST 2015
Failed to write into Database.            Fri Oct 30 00:20:02 CST 2015
Failed to write into Database.            Fri Oct 30 00:30:01 CST 2015
Failed to write into Database.            Fri Oct 30 00:40:32 CST 2015
Failed to write into Database.            Fri Oct 30 00:50:02 CST 2015
Failed to write into Database.            Fri Oct 30 01:00:32 CST 2015
Failed to write into Database.            Fri Oct 30 01:10:01 CST 2015
Failed to write into Database.            Fri Oct 30 01:20:02 CST 2015
Failed to write into Database.            Fri Oct 30 01:30:01 CST 2015
Failed to write into Database.            Fri Oct 30 01:40:01 CST 2015
Failed to write into Database.            Fri Oct 30 01:50:02 CST 2015
Failed to write into Database.            Fri Oct 30 02:00:01 CST 2015
Failed to write into Database.            Fri Oct 30 02:10:02 CST 2015
Failed to write into Database.            Fri Oct 30 02:20:14 CST 2015
Failed to write into Database.            Fri Oct 30 02:30:01 CST 2015
Failed to write into Database.            Fri Oct 30 02:40:02 CST 2015
Failed to write into Database.            Fri Oct 30 02:50:01 CST 2015
Failed to write into Database.            Fri Oct 30 03:00:02 CST 2015
Failed to write into Database.            Fri Oct 30 03:10:02 CST 2015
Failed to write into Database.            Fri Oct 30 03:20:01 CST 2015
Failed to write into Database.            Fri Oct 30 03:30:01 CST 2015
Failed to write into Database.            Fri Oct 30 03:40:01 CST 2015
Failed to write into Database.            Fri Oct 30 03:50:02 CST 2015
Failed to write into Database.            Fri Oct 30 04:00:02 CST 2015
Failed to write into Database.            Fri Oct 30 04:10:01 CST 2015
Failed to write into Database.            Fri Oct 30 04:20:02 CST 2015
Failed to write into Database.            Fri Oct 30 04:30:01 CST 2015
Failed to write into Database.            Fri Oct 30 04:40:02 CST 2015
Failed to write into Database.            Fri Oct 30 04:50:01 CST 2015
Failed to write into Database.            Fri Oct 30 05:00:02 CST 2015
Failed to write into Database.            Fri Oct 30 05:10:02 CST 2015
Failed to write into Database.            Fri Oct 30 05:20:01 CST 2015
Failed to write into Database.            Fri Oct 30 05:30:02 CST 2015
Failed to write into Database.            Fri Oct 30 05:40:02 CST 2015
Failed to write into Database.            Fri Oct 30 05:50:01 CST 2015
Failed to write into Database.            Fri Oct 30 06:00:02 CST 2015
Failed to write into Database.            Fri Oct 30 06:10:01 CST 2015
Failed to write into Database.            Fri Oct 30 06:20:02 CST 2015
Failed to write into Database.            Fri Oct 30 06:30:01 CST 2015
Failed to write into Database.            Fri Oct 30 06:40:01 CST 2015
Failed to write into Database.            Fri Oct 30 06:50:02 CST 2015
Failed to write into Database.            Fri Oct 30 07:00:01 CST 2015
Failed to write into Database.            Fri Oct 30 07:10:02 CST 2015
Failed to write into Database.            Fri Oct 30 07:20:01 CST 2015
Failed to write into Database.            Fri Oct 30 07:30:02 CST 2015
Failed to write into Database.            Fri Oct 30 07:40:02 CST 2015
Failed to write into Database.            Fri Oct 30 07:50:01 CST 2015
Failed to write into Database.            Fri Oct 30 08:00:02 CST 2015
Failed to write into Database.            Fri Oct 30 08:10:02 CST 2015
Failed to write into Database.            Fri Oct 30 08:20:01 CST 2015
Failed to write into Database.            Fri Oct 30 08:30:02 CST 2015
Failed to write into Database.            Fri Oct 30 08:40:02 CST 2015
Failed to write into Database.            Fri Oct 30 08:50:01 CST 2015
Failed to write into Database.            Fri Oct 30 09:00:02 CST 2015
Failed to write into Database.            Fri Oct 30 09:10:01 CST 2015
Failed to write into Database.            Fri Oct 30 09:20:02 CST 2015
Failed to write into Database.            Fri Oct 30 09:30:01 CST 2015
Failed to write into Database.            Fri Oct 30 09:40:01 CST 2015
Failed to write into Database.            Fri Oct 30 09:43:35 CST 2015
Failed to write into Database.            Fri Oct 30 09:43:39 CST 2015
Failed to write into Database.            Fri Oct 30 09:49:10 CST 2015
Failed to write into Database.            Fri Oct 30 09:49:11 CST 2015
Failed to write into Database.            Fri Oct 30 09:49:12 CST 2015
The data gotten from internet is ERROR.             Fri Oct 30 09:49:13 CST 2015
Failed to write into Database.            Fri Oct 30 09:50:01 CST 2015
Ok.       Fri Oct 30 09:55:07 CST 2015
Ok.       Fri Oct 30 09:55:08 CST 2015
Ok.       Fri Oct 30 09:55:09 CST 2015
Ok.       Fri Oct 30 10:00:02 CST 2015
Ok.       Fri Oct 30 10:06:11 CST 2015
Ok.       Fri Oct 30 10:07:05 CST 2015
Ok.       Fri Oct 30 10:07:05 CST 2015
The data gotten from internet is ERROR.             Fri Oct 30 10:07:06 CST 2015
Ok.       Fri Oct 30 10:07:08 CST 2015
Ok.       Fri Oct 30 10:10:02 CST 2015
Ok.       Fri Oct 30 10:20:01 CST 2015
The data gotten from internet is ERROR.             Fri Oct 30 10:30:02 CST 2015
Ok.       Fri Oct 30 10:40:01 CST 2015
Ok.       Fri Oct 30 10:50:02 CST 2015
Ok.       Fri Oct 30 11:00:07 CST 2015
The data gotten from internet is ERROR.             Fri Oct 30 11:10:04 CST 2015
The data gotten from internet is ERROR.             Fri Oct 30 11:20:01 CST 2015
The data gotten from internet is ERROR.             Fri Oct 30 11:30:01 CST 2015
Ok.       Fri Oct 30 11:40:01 CST 2015
The data gotten from internet is ERROR.             Fri Oct 30 11:50:02 CST 2015
The data gotten from internet is ERROR.             Fri Oct 30 12:00:01 CST 2015
Ok.       Fri Oct 30 12:10:02 CST 2015
Ok.       Fri Oct 30 12:20:01 CST 2015
The data gotten from internet is ERROR.             Fri Oct 30 12:30:02 CST 2015
The data gotten from internet is ERROR.             Fri Oct 30 12:40:01 CST 2015
The data gotten from internet is ERROR.             Fri Oct 30 12:50:02 CST 2015
Ok.       Fri Oct 30 13:00:02 CST 2015
Ok.       Fri Oct 30 13:10:02 CST 2015
The data gotten from internet is ERROR.             Fri Oct 30 13:20:02 CST 2015
Ok.       Fri Oct 30 13:30:01 CST 2015
Ok.       Fri Oct 30 13:40:02 CST 2015
The data gotten from internet is ERROR.             Fri Oct 30 13:50:01 CST 2015
Ok.       Fri Oct 30 14:00:02 CST 2015
The data gotten from internet is ERROR.             Fri Oct 30 14:10:02 CST 2015
The data gotten from internet is ERROR.             Fri Oct 30 14:20:01 CST 2015
The data gotten from internet is ERROR.             Fri Oct 30 14:30:02 CST 2015
Ok.       Fri Oct 30 14:40:01 CST 2015
The data gotten from internet is ERROR.             Fri Oct 30 14:50:02 CST 2015
Ok.       Fri Oct 30 15:00:01 CST 2015
The data gotten from internet is ERROR.             Fri Oct 30 15:10:02 CST 2015
Ok.       Fri Oct 30 15:20:01 CST 2015
The data gotten from internet is ERROR.             Fri Oct 30 15:30:02 CST 2015
The data gotten from internet is ERROR.             Fri Oct 30 15:40:01 CST 2015
The data gotten from internet is ERROR.             Fri Oct 30 15:50:02 CST 2015
The data gotten from internet is ERROR.             Fri Oct 30 16:00:01 CST 2015
Ok.       Fri Oct 30 16:10:02 CST 2015
Ok.       Fri Oct 30 16:20:01 CST 2015
Ok.       Fri Oct 30 16:30:02 CST 2015
Ok.       Fri Oct 30 16:40:02 CST 2015
Ok.       Fri Oct 30 16:50:01 CST 2015
Ok.       Fri Oct 30 17:00:01 CST 2015
